Download a 100Mb file:
======================

IPv4 speedtests

CacheFly CDN (IPv4):  108MB/s
DigitalOcean (GB) (IPv4):  92.7MB/s
LeaseWeb (NL) (IPv4):  72.2MB/s
Linode (GB) (IPv4):  111MB/s
Online.net (FR) (IPv4):  5.07MB/s
OVH (FR) (IPv4): 
Softlayer (FR) (IPv4):  34.2MB/s
Vultr (GB) (IPv4):  41.9MB/s

IPv6 speedtests

CacheFly CDN (IPv6): 
DigitalOcean (GB) (IPv6):  103MB/s
LeaseWeb (NL) (IPv6):  92.1MB/s
Linode (GB) (IPv6):  119MB/s
Online.net (FR) (IPv6): 
OVH (FR) (IPv6): 
Softlayer (FR) (IPv6):  63.0MB/s
Vultr (GB) (IPv6): 

Download a 10Gb file:
======================

IPv4 speedtests

CDN77.com (NL) (IPv4):  18.8MB/s
Online.net (FR) (IPv4):  26.0MB/s
OVH (FR) (IPv4): 

IPv6 speedtests

CDN77.com (NL) (IPv6): 
Online.net (FR) (IPv6): 
OVH (FR) (IPv6): 

Download a 100Mb file:
======================

IPv4 speedtests

CacheFly CDN (IPv4):  69.3MB/s
DigitalOcean (GB) (IPv4):  92.4MB/s
LeaseWeb (NL) (IPv4):  114MB/s
Linode (GB) (IPv4):  103MB/s
Online.net (FR) (IPv4):  16.0MB/s
OVH (FR) (IPv4):  38.8MB/s
Softlayer (FR) (IPv4):  34.1MB/s
Vultr (GB) (IPv4):  30.5MB/s

IPv6 speedtests

CacheFly CDN (IPv6): 
DigitalOcean (GB) (IPv6):  77.0MB/s
LeaseWeb (NL) (IPv6):  102MB/s
Linode (GB) (IPv6):  103MB/s
Online.net (FR) (IPv6): 
OVH (FR) (IPv6): 
Softlayer (FR) (IPv6):  40.9MB/s
Vultr (GB) (IPv6): 

Download a 10Gb file:
======================

IPv4 speedtests

CDN77.com (NL) (IPv4):  127MB/s
Online.net (FR) (IPv4):  15.1MB/s
OVH (FR) (IPv4):  55.6MB/s

IPv6 speedtests

CDN77.com (NL) (IPv6): 
Online.net (FR) (IPv6): 
OVH (FR) (IPv6): 

Download a 100Mb file:
======================

IPv4 speedtests

CacheFly CDN (IPv4):  75.8MB/s
DigitalOcean (GB) (IPv4):  87.2MB/s
LeaseWeb (NL) (IPv4):  114MB/s
Linode (GB) (IPv4):  118MB/s
Online.net (FR) (IPv4):  30.2MB/s
OVH (FR) (IPv4):  47.4MB/s
Softlayer (FR) (IPv4):  33.9MB/s
Vultr (GB) (IPv4):  26.2MB/s

IPv6 speedtests

CacheFly CDN (IPv6): 
DigitalOcean (GB) (IPv6):  89.1MB/s
LeaseWeb (NL) (IPv6):  102MB/s
Linode (GB) (IPv6):  107MB/s
Online.net (FR) (IPv6): 
OVH (FR) (IPv6): 
Softlayer (FR) (IPv6):  22.8MB/s
Vultr (GB) (IPv6): 

Download a 10Gb file:
======================

IPv4 speedtests

CDN77.com (NL) (IPv4):  129MB/s
Online.net (FR) (IPv4):  23.3MB/s
OVH (FR) (IPv4):  52.8MB/s

IPv6 speedtests

CDN77.com (NL) (IPv6): 
Online.net (FR) (IPv6): 
OVH (FR) (IPv6): 
