localhost
    description: Computer
    product: Standard PC (i440FX + PIIX, 1996)
    vendor: QEMU
    version: pc-i440fx-2.6
    width: 64 bits
    capabilities: smbios-2.8 dmi-2.8 vsyscall32
    configuration: boot=normal
  *-core
       description: Motherboard
       physical id: 0
     *-firmware
          description: BIOS
          vendor: SeaBIOS
          physical id: 0
          version: rel-1.9.1-0-gb3ef39f-prebuilt.qemu-project.org
          date: 04/01/2014
          size: 96KiB
     *-cpu
          description: CPU
          product: Intel(R) Xeon(R) CPU E5-2680 v3 @ 2.50GHz
          vendor: Intel Corp.
          physical id: 400
          bus info: cpu@0
          version: pc-i440fx-2.6
          slot: CPU 0
          size: 2GHz
          capacity: 2GHz
          width: 64 bits
          capabilities: fpu fpu_exception wp vme de pse tsc msr pae mce cx8 apic sep mtrr pge mca cmov pat pse36 clflush mmx fxsr sse sse2 ss syscall nx pdpe1gb rdtscp x86-64 constant_tsc arch_perfmon rep_good nopl eagerfpu pni pclmulqdq ssse3 fma cx16 pcid sse4_1 sse4_2 x2apic movbe popcnt tsc_deadline_timer aes xsave avx f16c rdrand hypervisor lahf_lm abm fsgsbase tsc_adjust bmi1 avx2 smep bmi2 erms invpcid xsaveopt arat
          configuration: cores=1 enabledcores=1 threads=1
     *-memory
          description: System Memory
          physical id: 1000
          size: 1GiB
          capacity: 1GiB
        *-bank
             description: DIMM RAM
             vendor: QEMU
             physical id: 0
             slot: DIMM 0
             size: 1GiB
     *-pci
          description: Host bridge
          product: 440FX - 82441FX PMC [Natoma]
          vendor: Intel Corporation
          physical id: 100
          bus info: pci@0000:00:00.0
          version: 02
          width: 32 bits
          clock: 33MHz
        *-isa
             description: ISA bridge
             product: 82371SB PIIX3 ISA [Natoma/Triton II]
             vendor: Intel Corporation
             physical id: 1
             bus info: pci@0000:00:01.0
             version: 00
             width: 32 bits
             clock: 33MHz
             capabilities: isa
             configuration: latency=0
        *-ide
             description: IDE interface
             product: 82371SB PIIX3 IDE [Natoma/Triton II]
             vendor: Intel Corporation
             physical id: 1.1
             bus info: pci@0000:00:01.1
             version: 00
             width: 32 bits
             clock: 33MHz
             capabilities: ide bus_master
             configuration: driver=ata_piix latency=0
             resources: irq:0 ioport:1f0(size=8) ioport:3f6 ioport:170(size=8) ioport:376 ioport:c060(size=16)
        *-bridge UNCLAIMED
             description: Bridge
             product: 82371AB/EB/MB PIIX4 ACPI
             vendor: Intel Corporation
             physical id: 1.3
             bus info: pci@0000:00:01.3
             version: 03
             width: 32 bits
             clock: 33MHz
             capabilities: bridge
             configuration: latency=0
        *-display UNCLAIMED
             description: VGA compatible controller
             physical id: 2
             bus info: pci@0000:00:02.0
             version: 02
             width: 32 bits
             clock: 33MHz
             capabilities: vga_controller
             configuration: latency=0
             resources: memory:fd000000-fdffffff memory:febd0000-febd0fff memory:c0000-dffff
        *-scsi
             description: SCSI storage controller
             product: Virtio SCSI
             vendor: Red Hat, Inc
             physical id: 3
             bus info: pci@0000:00:03.0
             version: 00
             width: 32 bits
             clock: 33MHz
             capabilities: scsi msix bus_master cap_list
             configuration: driver=virtio-pci latency=0
             resources: irq:11 ioport:c000(size=64) memory:febd1000-febd1fff
        *-network
             description: Ethernet interface
             product: Virtio network device
             vendor: Red Hat, Inc
             physical id: 4
             bus info: pci@0000:00:04.0
             logical name: eth0
             version: 00
             serial: f2:3c:91:ac:6d:89
             width: 32 bits
             clock: 33MHz
             capabilities: msix bus_master cap_list rom ethernet physical
             configuration: autonegotiation=off broadcast=yes driver=virtio_net driverversion=1.0.0 ip=139.162.224.220 latency=0 link=yes multicast=yes
             resources: irq:10 ioport:c040(size=32) memory:febd2000-febd2fff memory:feb80000-febbffff
  *-network:0 DISABLED
       description: Ethernet interface
       physical id: 1
       logical name: dummy0
       serial: ee:d6:30:c0:a5:6d
       capabilities: ethernet physical
       configuration: broadcast=yes driver=dummy driverversion=1.0
  *-network:1 DISABLED
       description: Ethernet interface
       physical id: 2
       logical name: gretap0
       capabilities: ethernet physical
       configuration: broadcast=yes multicast=yes
