# Nmap 7.01 scan initiated Sat Apr 22 14:15:56 2017 as: nmap -vvv -sO -oN nmap_pro.log localhost
Warning: Hostname localhost resolves to 2 IPs. Using 127.0.0.1.
adjust_timeouts2: packet supposedly had rtt of -100285 microseconds.  Ignoring time.
adjust_timeouts2: packet supposedly had rtt of -100285 microseconds.  Ignoring time.
adjust_timeouts2: packet supposedly had rtt of -100237 microseconds.  Ignoring time.
adjust_timeouts2: packet supposedly had rtt of -100237 microseconds.  Ignoring time.
adjust_timeouts2: packet supposedly had rtt of -100211 microseconds.  Ignoring time.
adjust_timeouts2: packet supposedly had rtt of -100211 microseconds.  Ignoring time.
adjust_timeouts2: packet supposedly had rtt of -100167 microseconds.  Ignoring time.
adjust_timeouts2: packet supposedly had rtt of -100167 microseconds.  Ignoring time.
adjust_timeouts2: packet supposedly had rtt of -100026 microseconds.  Ignoring time.
adjust_timeouts2: packet supposedly had rtt of -100026 microseconds.  Ignoring time.
adjust_timeouts2: packet supposedly had rtt of -102802 microseconds.  Ignoring time.
adjust_timeouts2: packet supposedly had rtt of -102802 microseconds.  Ignoring time.
adjust_timeouts2: packet supposedly had rtt of -102770 microseconds.  Ignoring time.
adjust_timeouts2: packet supposedly had rtt of -102770 microseconds.  Ignoring time.
adjust_timeouts2: packet supposedly had rtt of -102694 microseconds.  Ignoring time.
adjust_timeouts2: packet supposedly had rtt of -102694 microseconds.  Ignoring time.
adjust_timeouts2: packet supposedly had rtt of -102672 microseconds.  Ignoring time.
adjust_timeouts2: packet supposedly had rtt of -102672 microseconds.  Ignoring time.
adjust_timeouts2: packet supposedly had rtt of -102651 microseconds.  Ignoring time.
adjust_timeouts2: packet supposedly had rtt of -102651 microseconds.  Ignoring time.
adjust_timeouts2: packet supposedly had rtt of -102634 microseconds.  Ignoring time.
adjust_timeouts2: packet supposedly had rtt of -102634 microseconds.  Ignoring time.
adjust_timeouts2: packet supposedly had rtt of -102614 microseconds.  Ignoring time.
adjust_timeouts2: packet supposedly had rtt of -102614 microseconds.  Ignoring time.
adjust_timeouts2: packet supposedly had rtt of -102598 microseconds.  Ignoring time.
adjust_timeouts2: packet supposedly had rtt of -102598 microseconds.  Ignoring time.
adjust_timeouts2: packet supposedly had rtt of -102582 microseconds.  Ignoring time.
adjust_timeouts2: packet supposedly had rtt of -102582 microseconds.  Ignoring time.
adjust_timeouts2: packet supposedly had rtt of -102564 microseconds.  Ignoring time.
adjust_timeouts2: packet supposedly had rtt of -102564 microseconds.  Ignoring time.
adjust_timeouts2: packet supposedly had rtt of -102542 microseconds.  Ignoring time.
adjust_timeouts2: packet supposedly had rtt of -102542 microseconds.  Ignoring time.
adjust_timeouts2: packet supposedly had rtt of -102523 microseconds.  Ignoring time.
adjust_timeouts2: packet supposedly had rtt of -102523 microseconds.  Ignoring time.
adjust_timeouts2: packet supposedly had rtt of -102503 microseconds.  Ignoring time.
adjust_timeouts2: packet supposedly had rtt of -102503 microseconds.  Ignoring time.
adjust_timeouts2: packet supposedly had rtt of -102484 microseconds.  Ignoring time.
adjust_timeouts2: packet supposedly had rtt of -102484 microseconds.  Ignoring time.
adjust_timeouts2: packet supposedly had rtt of -102446 microseconds.  Ignoring time.
adjust_timeouts2: packet supposedly had rtt of -102446 microseconds.  Ignoring time.
adjust_timeouts2: packet supposedly had rtt of -102416 microseconds.  Ignoring time.
adjust_timeouts2: packet supposedly had rtt of -102416 microseconds.  Ignoring time.
adjust_timeouts2: packet supposedly had rtt of -102393 microseconds.  Ignoring time.
adjust_timeouts2: packet supposedly had rtt of -102393 microseconds.  Ignoring time.
Increasing send delay for 127.0.0.1 from 0 to 5 due to 22 out of 72 dropped probes since last increase.
adjust_timeouts2: packet supposedly had rtt of -102369 microseconds.  Ignoring time.
adjust_timeouts2: packet supposedly had rtt of -102369 microseconds.  Ignoring time.
adjust_timeouts2: packet supposedly had rtt of -102348 microseconds.  Ignoring time.
adjust_timeouts2: packet supposedly had rtt of -102348 microseconds.  Ignoring time.
adjust_timeouts2: packet supposedly had rtt of -102327 microseconds.  Ignoring time.
adjust_timeouts2: packet supposedly had rtt of -102327 microseconds.  Ignoring time.
adjust_timeouts2: packet supposedly had rtt of -102310 microseconds.  Ignoring time.
adjust_timeouts2: packet supposedly had rtt of -102310 microseconds.  Ignoring time.
adjust_timeouts2: packet supposedly had rtt of -102292 microseconds.  Ignoring time.
adjust_timeouts2: packet supposedly had rtt of -102292 microseconds.  Ignoring time.
adjust_timeouts2: packet supposedly had rtt of -102275 microseconds.  Ignoring time.
adjust_timeouts2: packet supposedly had rtt of -102275 microseconds.  Ignoring time.
adjust_timeouts2: packet supposedly had rtt of -102258 microseconds.  Ignoring time.
adjust_timeouts2: packet supposedly had rtt of -102258 microseconds.  Ignoring time.
adjust_timeouts2: packet supposedly had rtt of -102242 microseconds.  Ignoring time.
adjust_timeouts2: packet supposedly had rtt of -102242 microseconds.  Ignoring time.
adjust_timeouts2: packet supposedly had rtt of -102225 microseconds.  Ignoring time.
adjust_timeouts2: packet supposedly had rtt of -102225 microseconds.  Ignoring time.
adjust_timeouts2: packet supposedly had rtt of -102209 microseconds.  Ignoring time.
adjust_timeouts2: packet supposedly had rtt of -102209 microseconds.  Ignoring time.
adjust_timeouts2: packet supposedly had rtt of -102193 microseconds.  Ignoring time.
adjust_timeouts2: packet supposedly had rtt of -102193 microseconds.  Ignoring time.
adjust_timeouts2: packet supposedly had rtt of -102178 microseconds.  Ignoring time.
adjust_timeouts2: packet supposedly had rtt of -102178 microseconds.  Ignoring time.
adjust_timeouts2: packet supposedly had rtt of -102163 microseconds.  Ignoring time.
adjust_timeouts2: packet supposedly had rtt of -102163 microseconds.  Ignoring time.
adjust_timeouts2: packet supposedly had rtt of -102147 microseconds.  Ignoring time.
adjust_timeouts2: packet supposedly had rtt of -102147 microseconds.  Ignoring time.
adjust_timeouts2: packet supposedly had rtt of -102130 microseconds.  Ignoring time.
adjust_timeouts2: packet supposedly had rtt of -102130 microseconds.  Ignoring time.
adjust_timeouts2: packet supposedly had rtt of -102113 microseconds.  Ignoring time.
adjust_timeouts2: packet supposedly had rtt of -102113 microseconds.  Ignoring time.
adjust_timeouts2: packet supposedly had rtt of -102096 microseconds.  Ignoring time.
adjust_timeouts2: packet supposedly had rtt of -102096 microseconds.  Ignoring time.
adjust_timeouts2: packet supposedly had rtt of -102081 microseconds.  Ignoring time.
adjust_timeouts2: packet supposedly had rtt of -102081 microseconds.  Ignoring time.
adjust_timeouts2: packet supposedly had rtt of -102068 microseconds.  Ignoring time.
adjust_timeouts2: packet supposedly had rtt of -102068 microseconds.  Ignoring time.
adjust_timeouts2: packet supposedly had rtt of -102051 microseconds.  Ignoring time.
adjust_timeouts2: packet supposedly had rtt of -102051 microseconds.  Ignoring time.
adjust_timeouts2: packet supposedly had rtt of -102033 microseconds.  Ignoring time.
adjust_timeouts2: packet supposedly had rtt of -102033 microseconds.  Ignoring time.
adjust_timeouts2: packet supposedly had rtt of -102014 microseconds.  Ignoring time.
adjust_timeouts2: packet supposedly had rtt of -102014 microseconds.  Ignoring time.
adjust_timeouts2: packet supposedly had rtt of -101997 microseconds.  Ignoring time.
adjust_timeouts2: packet supposedly had rtt of -101997 microseconds.  Ignoring time.
adjust_timeouts2: packet supposedly had rtt of -101981 microseconds.  Ignoring time.
adjust_timeouts2: packet supposedly had rtt of -101981 microseconds.  Ignoring time.
adjust_timeouts2: packet supposedly had rtt of -101963 microseconds.  Ignoring time.
adjust_timeouts2: packet supposedly had rtt of -101963 microseconds.  Ignoring time.
adjust_timeouts2: packet supposedly had rtt of -101944 microseconds.  Ignoring time.
adjust_timeouts2: packet supposedly had rtt of -101944 microseconds.  Ignoring time.
adjust_timeouts2: packet supposedly had rtt of -101887 microseconds.  Ignoring time.
adjust_timeouts2: packet supposedly had rtt of -101887 microseconds.  Ignoring time.
adjust_timeouts2: packet supposedly had rtt of -102506 microseconds.  Ignoring time.
adjust_timeouts2: packet supposedly had rtt of -102506 microseconds.  Ignoring time.
adjust_timeouts2: packet supposedly had rtt of -102464 microseconds.  Ignoring time.
adjust_timeouts2: packet supposedly had rtt of -102464 microseconds.  Ignoring time.
adjust_timeouts2: packet supposedly had rtt of -102430 microseconds.  Ignoring time.
adjust_timeouts2: packet supposedly had rtt of -102430 microseconds.  Ignoring time.
adjust_timeouts2: packet supposedly had rtt of -102401 microseconds.  Ignoring time.
adjust_timeouts2: packet supposedly had rtt of -102401 microseconds.  Ignoring time.
adjust_timeouts2: packet supposedly had rtt of -102370 microseconds.  Ignoring time.
adjust_timeouts2: packet supposedly had rtt of -102370 microseconds.  Ignoring time.
adjust_timeouts2: packet supposedly had rtt of -102339 microseconds.  Ignoring time.
adjust_timeouts2: packet supposedly had rtt of -102339 microseconds.  Ignoring time.
adjust_timeouts2: packet supposedly had rtt of -102308 microseconds.  Ignoring time.
adjust_timeouts2: packet supposedly had rtt of -102308 microseconds.  Ignoring time.
adjust_timeouts2: packet supposedly had rtt of -102280 microseconds.  Ignoring time.
adjust_timeouts2: packet supposedly had rtt of -102280 microseconds.  Ignoring time.
adjust_timeouts2: packet supposedly had rtt of -102248 microseconds.  Ignoring time.
adjust_timeouts2: packet supposedly had rtt of -102248 microseconds.  Ignoring time.
adjust_timeouts2: packet supposedly had rtt of -102148 microseconds.  Ignoring time.
adjust_timeouts2: packet supposedly had rtt of -102148 microseconds.  Ignoring time.
adjust_timeouts2: packet supposedly had rtt of -169434 microseconds.  Ignoring time.
adjust_timeouts2: packet supposedly had rtt of -169434 microseconds.  Ignoring time.
adjust_timeouts2: packet supposedly had rtt of -169417 microseconds.  Ignoring time.
adjust_timeouts2: packet supposedly had rtt of -169417 microseconds.  Ignoring time.
adjust_timeouts2: packet supposedly had rtt of -169469 microseconds.  Ignoring time.
adjust_timeouts2: packet supposedly had rtt of -169469 microseconds.  Ignoring time.
adjust_timeouts2: packet supposedly had rtt of -169501 microseconds.  Ignoring time.
adjust_timeouts2: packet supposedly had rtt of -169501 microseconds.  Ignoring time.
adjust_timeouts2: packet supposedly had rtt of -169476 microseconds.  Ignoring time.
adjust_timeouts2: packet supposedly had rtt of -169476 microseconds.  Ignoring time.
adjust_timeouts2: packet supposedly had rtt of -169452 microseconds.  Ignoring time.
adjust_timeouts2: packet supposedly had rtt of -169452 microseconds.  Ignoring time.
adjust_timeouts2: packet supposedly had rtt of -169493 microseconds.  Ignoring time.
adjust_timeouts2: packet supposedly had rtt of -169493 microseconds.  Ignoring time.
adjust_timeouts2: packet supposedly had rtt of -194307 microseconds.  Ignoring time.
adjust_timeouts2: packet supposedly had rtt of -194307 microseconds.  Ignoring time.
adjust_timeouts2: packet supposedly had rtt of -100130 microseconds.  Ignoring time.
adjust_timeouts2: packet supposedly had rtt of -100130 microseconds.  Ignoring time.
adjust_timeouts2: packet supposedly had rtt of -100207 microseconds.  Ignoring time.
adjust_timeouts2: packet supposedly had rtt of -100207 microseconds.  Ignoring time.
adjust_timeouts2: packet supposedly had rtt of -100294 microseconds.  Ignoring time.
adjust_timeouts2: packet supposedly had rtt of -100294 microseconds.  Ignoring time.
adjust_timeouts2: packet supposedly had rtt of -100247 microseconds.  Ignoring time.
adjust_timeouts2: packet supposedly had rtt of -100247 microseconds.  Ignoring time.
adjust_timeouts2: packet supposedly had rtt of -100178 microseconds.  Ignoring time.
adjust_timeouts2: packet supposedly had rtt of -100178 microseconds.  Ignoring time.
adjust_timeouts2: packet supposedly had rtt of -100279 microseconds.  Ignoring time.
adjust_timeouts2: packet supposedly had rtt of -100279 microseconds.  Ignoring time.
adjust_timeouts2: packet supposedly had rtt of -100259 microseconds.  Ignoring time.
adjust_timeouts2: packet supposedly had rtt of -100259 microseconds.  Ignoring time.
adjust_timeouts2: packet supposedly had rtt of -100414 microseconds.  Ignoring time.
adjust_timeouts2: packet supposedly had rtt of -100414 microseconds.  Ignoring time.
adjust_timeouts2: packet supposedly had rtt of -101522 microseconds.  Ignoring time.
adjust_timeouts2: packet supposedly had rtt of -101522 microseconds.  Ignoring time.
adjust_timeouts2: packet supposedly had rtt of -101815 microseconds.  Ignoring time.
adjust_timeouts2: packet supposedly had rtt of -101815 microseconds.  Ignoring time.
adjust_timeouts2: packet supposedly had rtt of -102822 microseconds.  Ignoring time.
adjust_timeouts2: packet supposedly had rtt of -102822 microseconds.  Ignoring time.
adjust_timeouts2: packet supposedly had rtt of -102837 microseconds.  Ignoring time.
adjust_timeouts2: packet supposedly had rtt of -102837 microseconds.  Ignoring time.
adjust_timeouts2: packet supposedly had rtt of -102846 microseconds.  Ignoring time.
adjust_timeouts2: packet supposedly had rtt of -102846 microseconds.  Ignoring time.
adjust_timeouts2: packet supposedly had rtt of -102502 microseconds.  Ignoring time.
adjust_timeouts2: packet supposedly had rtt of -102502 microseconds.  Ignoring time.
adjust_timeouts2: packet supposedly had rtt of -102562 microseconds.  Ignoring time.
adjust_timeouts2: packet supposedly had rtt of -102562 microseconds.  Ignoring time.
adjust_timeouts2: packet supposedly had rtt of -102562 microseconds.  Ignoring time.
adjust_timeouts2: packet supposedly had rtt of -102562 microseconds.  Ignoring time.
adjust_timeouts2: packet supposedly had rtt of -102653 microseconds.  Ignoring time.
adjust_timeouts2: packet supposedly had rtt of -102653 microseconds.  Ignoring time.
adjust_timeouts2: packet supposedly had rtt of -174319 microseconds.  Ignoring time.
adjust_timeouts2: packet supposedly had rtt of -174319 microseconds.  Ignoring time.
adjust_timeouts2: packet supposedly had rtt of -174229 microseconds.  Ignoring time.
adjust_timeouts2: packet supposedly had rtt of -174229 microseconds.  Ignoring time.
adjust_timeouts2: packet supposedly had rtt of -173791 microseconds.  Ignoring time.
adjust_timeouts2: packet supposedly had rtt of -173791 microseconds.  Ignoring time.
adjust_timeouts2: packet supposedly had rtt of -174058 microseconds.  Ignoring time.
adjust_timeouts2: packet supposedly had rtt of -174058 microseconds.  Ignoring time.
adjust_timeouts2: packet supposedly had rtt of -174021 microseconds.  Ignoring time.
adjust_timeouts2: packet supposedly had rtt of -174021 microseconds.  Ignoring time.
adjust_timeouts2: packet supposedly had rtt of -100097 microseconds.  Ignoring time.
adjust_timeouts2: packet supposedly had rtt of -100097 microseconds.  Ignoring time.
adjust_timeouts2: packet supposedly had rtt of -100148 microseconds.  Ignoring time.
adjust_timeouts2: packet supposedly had rtt of -100148 microseconds.  Ignoring time.
adjust_timeouts2: packet supposedly had rtt of -100036 microseconds.  Ignoring time.
adjust_timeouts2: packet supposedly had rtt of -100036 microseconds.  Ignoring time.
adjust_timeouts2: packet supposedly had rtt of -102047 microseconds.  Ignoring time.
adjust_timeouts2: packet supposedly had rtt of -102047 microseconds.  Ignoring time.
adjust_timeouts2: packet supposedly had rtt of -102037 microseconds.  Ignoring time.
adjust_timeouts2: packet supposedly had rtt of -102037 microseconds.  Ignoring time.
adjust_timeouts2: packet supposedly had rtt of -102025 microseconds.  Ignoring time.
adjust_timeouts2: packet supposedly had rtt of -102025 microseconds.  Ignoring time.
adjust_timeouts2: packet supposedly had rtt of -101932 microseconds.  Ignoring time.
adjust_timeouts2: packet supposedly had rtt of -101932 microseconds.  Ignoring time.
adjust_timeouts2: packet supposedly had rtt of -101925 microseconds.  Ignoring time.
adjust_timeouts2: packet supposedly had rtt of -101925 microseconds.  Ignoring time.
adjust_timeouts2: packet supposedly had rtt of -101921 microseconds.  Ignoring time.
adjust_timeouts2: packet supposedly had rtt of -101921 microseconds.  Ignoring time.
adjust_timeouts2: packet supposedly had rtt of -101727 microseconds.  Ignoring time.
adjust_timeouts2: packet supposedly had rtt of -101727 microseconds.  Ignoring time.
adjust_timeouts2: packet supposedly had rtt of -101660 microseconds.  Ignoring time.
adjust_timeouts2: packet supposedly had rtt of -101660 microseconds.  Ignoring time.
adjust_timeouts2: packet supposedly had rtt of -200661 microseconds.  Ignoring time.
adjust_timeouts2: packet supposedly had rtt of -200661 microseconds.  Ignoring time.
adjust_timeouts2: packet supposedly had rtt of -100422 microseconds.  Ignoring time.
adjust_timeouts2: packet supposedly had rtt of -100422 microseconds.  Ignoring time.
adjust_timeouts2: packet supposedly had rtt of -100464 microseconds.  Ignoring time.
adjust_timeouts2: packet supposedly had rtt of -100464 microseconds.  Ignoring time.
adjust_timeouts2: packet supposedly had rtt of -100463 microseconds.  Ignoring time.
adjust_timeouts2: packet supposedly had rtt of -100463 microseconds.  Ignoring time.
adjust_timeouts2: packet supposedly had rtt of -100447 microseconds.  Ignoring time.
adjust_timeouts2: packet supposedly had rtt of -100447 microseconds.  Ignoring time.
adjust_timeouts2: packet supposedly had rtt of -100436 microseconds.  Ignoring time.
adjust_timeouts2: packet supposedly had rtt of -100436 microseconds.  Ignoring time.
adjust_timeouts2: packet supposedly had rtt of -100355 microseconds.  Ignoring time.
adjust_timeouts2: packet supposedly had rtt of -100355 microseconds.  Ignoring time.
adjust_timeouts2: packet supposedly had rtt of -101358 microseconds.  Ignoring time.
adjust_timeouts2: packet supposedly had rtt of -101358 microseconds.  Ignoring time.
adjust_timeouts2: packet supposedly had rtt of -101482 microseconds.  Ignoring time.
adjust_timeouts2: packet supposedly had rtt of -101482 microseconds.  Ignoring time.
adjust_timeouts2: packet supposedly had rtt of -101624 microseconds.  Ignoring time.
adjust_timeouts2: packet supposedly had rtt of -101624 microseconds.  Ignoring time.
adjust_timeouts2: packet supposedly had rtt of -101899 microseconds.  Ignoring time.
adjust_timeouts2: packet supposedly had rtt of -101899 microseconds.  Ignoring time.
adjust_timeouts2: packet supposedly had rtt of -116225 microseconds.  Ignoring time.
adjust_timeouts2: packet supposedly had rtt of -116225 microseconds.  Ignoring time.
adjust_timeouts2: packet supposedly had rtt of -117961 microseconds.  Ignoring time.
adjust_timeouts2: packet supposedly had rtt of -117961 microseconds.  Ignoring time.
adjust_timeouts2: packet supposedly had rtt of -117988 microseconds.  Ignoring time.
adjust_timeouts2: packet supposedly had rtt of -117988 microseconds.  Ignoring time.
adjust_timeouts2: packet supposedly had rtt of -118039 microseconds.  Ignoring time.
adjust_timeouts2: packet supposedly had rtt of -118039 microseconds.  Ignoring time.
adjust_timeouts2: packet supposedly had rtt of -118027 microseconds.  Ignoring time.
adjust_timeouts2: packet supposedly had rtt of -118027 microseconds.  Ignoring time.
adjust_timeouts2: packet supposedly had rtt of -116180 microseconds.  Ignoring time.
adjust_timeouts2: packet supposedly had rtt of -116180 microseconds.  Ignoring time.
adjust_timeouts2: packet supposedly had rtt of -116108 microseconds.  Ignoring time.
adjust_timeouts2: packet supposedly had rtt of -116108 microseconds.  Ignoring time.
adjust_timeouts2: packet supposedly had rtt of -115640 microseconds.  Ignoring time.
adjust_timeouts2: packet supposedly had rtt of -115640 microseconds.  Ignoring time.
adjust_timeouts2: packet supposedly had rtt of -115584 microseconds.  Ignoring time.
adjust_timeouts2: packet supposedly had rtt of -115584 microseconds.  Ignoring time.
adjust_timeouts2: packet supposedly had rtt of -100161 microseconds.  Ignoring time.
adjust_timeouts2: packet supposedly had rtt of -100161 microseconds.  Ignoring time.
adjust_timeouts2: packet supposedly had rtt of -104295 microseconds.  Ignoring time.
adjust_timeouts2: packet supposedly had rtt of -104295 microseconds.  Ignoring time.
adjust_timeouts2: packet supposedly had rtt of -104370 microseconds.  Ignoring time.
adjust_timeouts2: packet supposedly had rtt of -104370 microseconds.  Ignoring time.
adjust_timeouts2: packet supposedly had rtt of -104295 microseconds.  Ignoring time.
adjust_timeouts2: packet supposedly had rtt of -104295 microseconds.  Ignoring time.
adjust_timeouts2: packet supposedly had rtt of -104567 microseconds.  Ignoring time.
adjust_timeouts2: packet supposedly had rtt of -104567 microseconds.  Ignoring time.
adjust_timeouts2: packet supposedly had rtt of -104569 microseconds.  Ignoring time.
adjust_timeouts2: packet supposedly had rtt of -104569 microseconds.  Ignoring time.
adjust_timeouts2: packet supposedly had rtt of -104533 microseconds.  Ignoring time.
adjust_timeouts2: packet supposedly had rtt of -104533 microseconds.  Ignoring time.
adjust_timeouts2: packet supposedly had rtt of -104378 microseconds.  Ignoring time.
adjust_timeouts2: packet supposedly had rtt of -104378 microseconds.  Ignoring time.
adjust_timeouts2: packet supposedly had rtt of -104322 microseconds.  Ignoring time.
adjust_timeouts2: packet supposedly had rtt of -104322 microseconds.  Ignoring time.
adjust_timeouts2: packet supposedly had rtt of -125168 microseconds.  Ignoring time.
adjust_timeouts2: packet supposedly had rtt of -125168 microseconds.  Ignoring time.
adjust_timeouts2: packet supposedly had rtt of -126526 microseconds.  Ignoring time.
adjust_timeouts2: packet supposedly had rtt of -126526 microseconds.  Ignoring time.
adjust_timeouts2: packet supposedly had rtt of -126473 microseconds.  Ignoring time.
adjust_timeouts2: packet supposedly had rtt of -126473 microseconds.  Ignoring time.
adjust_timeouts2: packet supposedly had rtt of -126502 microseconds.  Ignoring time.
adjust_timeouts2: packet supposedly had rtt of -126502 microseconds.  Ignoring time.
adjust_timeouts2: packet supposedly had rtt of -126464 microseconds.  Ignoring time.
adjust_timeouts2: packet supposedly had rtt of -126464 microseconds.  Ignoring time.
adjust_timeouts2: packet supposedly had rtt of -126433 microseconds.  Ignoring time.
adjust_timeouts2: packet supposedly had rtt of -126433 microseconds.  Ignoring time.
adjust_timeouts2: packet supposedly had rtt of -126460 microseconds.  Ignoring time.
adjust_timeouts2: packet supposedly had rtt of -126460 microseconds.  Ignoring time.
adjust_timeouts2: packet supposedly had rtt of -126438 microseconds.  Ignoring time.
adjust_timeouts2: packet supposedly had rtt of -126438 microseconds.  Ignoring time.
adjust_timeouts2: packet supposedly had rtt of -126273 microseconds.  Ignoring time.
adjust_timeouts2: packet supposedly had rtt of -126273 microseconds.  Ignoring time.
adjust_timeouts2: packet supposedly had rtt of -200310 microseconds.  Ignoring time.
adjust_timeouts2: packet supposedly had rtt of -200310 microseconds.  Ignoring time.
adjust_timeouts2: packet supposedly had rtt of -100095 microseconds.  Ignoring time.
adjust_timeouts2: packet supposedly had rtt of -100095 microseconds.  Ignoring time.
adjust_timeouts2: packet supposedly had rtt of -100159 microseconds.  Ignoring time.
adjust_timeouts2: packet supposedly had rtt of -100159 microseconds.  Ignoring time.
adjust_timeouts2: packet supposedly had rtt of -100113 microseconds.  Ignoring time.
adjust_timeouts2: packet supposedly had rtt of -100113 microseconds.  Ignoring time.
adjust_timeouts2: packet supposedly had rtt of -100142 microseconds.  Ignoring time.
adjust_timeouts2: packet supposedly had rtt of -100142 microseconds.  Ignoring time.
adjust_timeouts2: packet supposedly had rtt of -100139 microseconds.  Ignoring time.
adjust_timeouts2: packet supposedly had rtt of -100139 microseconds.  Ignoring time.
adjust_timeouts2: packet supposedly had rtt of -100151 microseconds.  Ignoring time.
adjust_timeouts2: packet supposedly had rtt of -100151 microseconds.  Ignoring time.
adjust_timeouts2: packet supposedly had rtt of -100043 microseconds.  Ignoring time.
adjust_timeouts2: packet supposedly had rtt of -100043 microseconds.  Ignoring time.
adjust_timeouts2: packet supposedly had rtt of -100024 microseconds.  Ignoring time.
adjust_timeouts2: packet supposedly had rtt of -100024 microseconds.  Ignoring time.
adjust_timeouts2: packet supposedly had rtt of -99967 microseconds.  Ignoring time.
adjust_timeouts2: packet supposedly had rtt of -99967 microseconds.  Ignoring time.
adjust_timeouts2: packet supposedly had rtt of -124485 microseconds.  Ignoring time.
adjust_timeouts2: packet supposedly had rtt of -124485 microseconds.  Ignoring time.
adjust_timeouts2: packet supposedly had rtt of -124563 microseconds.  Ignoring time.
adjust_timeouts2: packet supposedly had rtt of -124563 microseconds.  Ignoring time.
adjust_timeouts2: packet supposedly had rtt of -124510 microseconds.  Ignoring time.
adjust_timeouts2: packet supposedly had rtt of -124510 microseconds.  Ignoring time.
adjust_timeouts2: packet supposedly had rtt of -124511 microseconds.  Ignoring time.
adjust_timeouts2: packet supposedly had rtt of -124511 microseconds.  Ignoring time.
adjust_timeouts2: packet supposedly had rtt of -124521 microseconds.  Ignoring time.
adjust_timeouts2: packet supposedly had rtt of -124521 microseconds.  Ignoring time.
adjust_timeouts2: packet supposedly had rtt of -124531 microseconds.  Ignoring time.
adjust_timeouts2: packet supposedly had rtt of -124531 microseconds.  Ignoring time.
Increasing send delay for 127.0.0.1 from 5 to 10 due to 97 out of 322 dropped probes since last increase.
adjust_timeouts2: packet supposedly had rtt of -124551 microseconds.  Ignoring time.
adjust_timeouts2: packet supposedly had rtt of -124551 microseconds.  Ignoring time.
adjust_timeouts2: packet supposedly had rtt of -124545 microseconds.  Ignoring time.
adjust_timeouts2: packet supposedly had rtt of -124545 microseconds.  Ignoring time.
adjust_timeouts2: packet supposedly had rtt of -124584 microseconds.  Ignoring time.
adjust_timeouts2: packet supposedly had rtt of -124584 microseconds.  Ignoring time.
adjust_timeouts2: packet supposedly had rtt of -81318 microseconds.  Ignoring time.
adjust_timeouts2: packet supposedly had rtt of -81318 microseconds.  Ignoring time.
adjust_timeouts2: packet supposedly had rtt of -201468 microseconds.  Ignoring time.
adjust_timeouts2: packet supposedly had rtt of -201468 microseconds.  Ignoring time.
Nmap scan report for localhost (127.0.0.1)
Host is up, received localhost-response (0.012s latency).
Other addresses for localhost (not scanned): ::1
Scanned at 2017-04-22 14:15:56 UTC for 6s
Not shown: 240 closed protocols
Reason: 238 proto-unreaches and 2 proto-responses
PROTOCOL STATE         SERVICE   REASON
1        open          icmp      proto-unreach ttl 64
2        open          igmp      proto-response ttl 51
4        open|filtered ipv4      no-response
6        open          tcp       proto-response ttl 64
17       open          udp       port-unreach ttl 64
41       open          ipv6      proto-response ttl 59
47       open          gre       proto-response ttl 46
50       open          esp       proto-response ttl 48
51       open          ah        proto-response ttl 54
64       open          sat-expak proto-response ttl 59
103      open          pim       proto-response ttl 43
108      open          ipcomp    proto-response ttl 40
132      open          sctp      proto-response ttl 64
136      open          udplite   proto-response ttl 42
242      open          unknown   proto-response ttl 56
255      open          unknown   proto-response ttl 47

Read data files from: /usr/bin/../share/nmap
# Nmap done at Sat Apr 22 14:16:02 2017 -- 1 IP address (1 host up) scanned in 6.10 seconds
