This is ApacheBench, Version 2.3 <$Revision: 1706008 $>
Copyright 1996 Adam Twiss, Zeus Technology Ltd, http://www.zeustech.net/
Licensed to The Apache Software Foundation, http://www.apache.org/

Benchmarking x.x.x.x (be patient)


Server Software:        Apache
Server Hostname:        x.x.x.x
Server Port:            80

Document Path:          /wordpress/2017/05/09/hello-world/
Document Length:        56270 bytes

Concurrency Level:      50
Time taken for tests:   180.002 seconds
Complete requests:      3976
Failed requests:        0
Total transferred:      226012967 bytes
HTML transferred:       224379012 bytes
Requests per second:    22.09 [#/sec] (mean)
Time per request:       2263.603 [ms] (mean)
Time per request:       45.272 [ms] (mean, across all concurrent requests)
Transfer rate:          1226.19 [Kbytes/sec] received

Connection Times (ms)
              min  mean[+/-sd] median   max
Connect:       35  196 118.7    197    1388
Processing:   419 2057 682.7   2215    4146
Waiting:      183 1033 429.4   1062    3340
Total:        628 2253 635.6   2353    4446

Percentage of the requests served within a certain time (ms)
  50%   2353
  66%   2646
  75%   2771
  80%   2846
  90%   2998
  95%   3122
  98%   3351
  99%   3500
 100%   4446 (longest request)
