scw-016449
    description: Computer
    product: Standard PC (i440FX + PIIX, 1996)
    vendor: QEMU
    version: pc-i440fx-wily
    width: 64 bits
    capabilities: smbios-2.8 dmi-2.8 vsyscall32
    configuration: boot=normal
  *-core
       description: Motherboard
       physical id: 0
     *-firmware
          description: BIOS
          vendor: SeaBIOS
          physical id: 0
          version: Ubuntu-1.8.2-1ubuntu1
          date: 04/01/2014
          size: 96KiB
     *-cpu:0
          description: CPU
          product: Intel(R) Atom(TM) CPU  C2750  @ 2.40GHz
          vendor: Intel Corp.
          physical id: 400
          bus info: cpu@0
          version: pc-i440fx-wily
          slot: CPU 0
          size: 2GHz
          capacity: 2GHz
          width: 64 bits
          capabilities: fpu fpu_exception wp vme de pse tsc msr pae mce cx8 apic sep mtrr pge mca cmov pat pse36 clflush mmx fxsr sse sse2 ss syscall nx rdtscp x86-64 constant_tsc arch_perfmon rep_good nopl pni pclmulqdq vmx ssse3 cx16 sse4_1 sse4_2 x2apic movbe popcnt tsc_deadline_timer aes rdrand hypervisor lahf_lm 3dnowprefetch arat tpr_shadow vnmi flexpriority ept vpid tsc_adjust smep erms
          configuration: cores=1 enabledcores=1 threads=1
     *-cpu:1
          description: CPU
          product: Intel(R) Atom(TM) CPU  C2750  @ 2.40GHz
          vendor: Intel Corp.
          physical id: 401
          bus info: cpu@1
          version: pc-i440fx-wily
          slot: CPU 1
          size: 2GHz
          capacity: 2GHz
          width: 64 bits
          capabilities: fpu fpu_exception wp vme de pse tsc msr pae mce cx8 apic sep mtrr pge mca cmov pat pse36 clflush mmx fxsr sse sse2 ss syscall nx rdtscp x86-64 constant_tsc arch_perfmon rep_good nopl pni pclmulqdq vmx ssse3 cx16 sse4_1 sse4_2 x2apic movbe popcnt tsc_deadline_timer aes rdrand hypervisor lahf_lm 3dnowprefetch arat tpr_shadow vnmi flexpriority ept vpid tsc_adjust smep erms
          configuration: cores=1 enabledcores=1 threads=1
     *-memory
          description: System Memory
          physical id: 1000
          size: 2GiB
          capacity: 2GiB
        *-bank
             description: DIMM RAM
             vendor: QEMU
             physical id: 0
             slot: DIMM 0
             size: 2GiB
     *-pci
          description: Host bridge
          product: 440FX - 82441FX PMC [Natoma]
          vendor: Intel Corporation
          physical id: 100
          bus info: pci@0000:00:00.0
          version: 02
          width: 32 bits
          clock: 33MHz
        *-isa
             description: ISA bridge
             product: 82371SB PIIX3 ISA [Natoma/Triton II]
             vendor: Intel Corporation
             physical id: 1
             bus info: pci@0000:00:01.0
             version: 00
             width: 32 bits
             clock: 33MHz
             capabilities: isa
             configuration: latency=0
        *-ide UNCLAIMED
             description: IDE interface
             product: 82371SB PIIX3 IDE [Natoma/Triton II]
             vendor: Intel Corporation
             physical id: 1.1
             bus info: pci@0000:00:01.1
             version: 00
             width: 32 bits
             clock: 33MHz
             capabilities: ide
             configuration: latency=0
             resources: ioport:1f0(size=8) ioport:3f6 ioport:170(size=8) ioport:376 ioport:c060(size=16)
        *-bridge UNCLAIMED
             description: Bridge
             product: 82371AB/EB/MB PIIX4 ACPI
             vendor: Intel Corporation
             physical id: 1.3
             bus info: pci@0000:00:01.3
             version: 03
             width: 32 bits
             clock: 33MHz
             capabilities: bridge
             configuration: latency=0
        *-network
             description: Ethernet interface
             product: Virtio network device
             vendor: Red Hat, Inc
             physical id: 2
             bus info: pci@0000:00:02.0
             logical name: eth0
             version: 00
             serial: de:19:58:32:30:06
             width: 32 bits
             clock: 33MHz
             capabilities: msix bus_master cap_list rom ethernet physical
             configuration: broadcast=yes driver=virtio_net driverversion=1.0.0 ip=10.3.86.13 latency=0 link=yes multicast=yes
             resources: irq:10 ioport:c040(size=32) memory:febc0000-febc0fff memory:feb80000-febbffff
        *-scsi
             description: SCSI storage controller
             product: Virtio block device
             vendor: Red Hat, Inc
             physical id: 3
             bus info: pci@0000:00:03.0
             version: 00
             width: 32 bits
             clock: 33MHz
             capabilities: scsi msix bus_master cap_list
             configuration: driver=virtio-pci latency=0
             resources: irq:11 ioport:c000(size=64) memory:febc1000-febc1fff
