This is ApacheBench, Version 2.3 <$Revision: 1706008 $>
Copyright 1996 Adam Twiss, Zeus Technology Ltd, http://www.zeustech.net/
Licensed to The Apache Software Foundation, http://www.apache.org/

Benchmarking x.x.x.x (be patient)


Server Software:        Apache
Server Hostname:        x.x.x.x
Server Port:            80

Document Path:          /wordpress/2017/05/09/hello-world/
Document Length:        56231 bytes

Concurrency Level:      10
Time taken for tests:   180.117 seconds
Complete requests:      3901
Failed requests:        0
Total transferred:      221072920 bytes
HTML transferred:       219486272 bytes
Requests per second:    21.66 [#/sec] (mean)
Time per request:       461.720 [ms] (mean)
Time per request:       46.172 [ms] (mean, across all concurrent requests)
Transfer rate:          1198.62 [Kbytes/sec] received

Connection Times (ms)
              min  mean[+/-sd] median   max
Connect:       28   74 215.8     38    3262
Processing:   168  386 179.5    371    6780
Waiting:       83  199 157.5    184    6540
Total:        198  461 302.1    417    9860

Percentage of the requests served within a certain time (ms)
  50%    417
  66%    460
  75%    487
  80%    507
  90%    586
  95%    711
  98%   1311
  99%   1429
 100%   9860 (longest request)
