This is ApacheBench, Version 2.3 <$Revision: 1706008 $>
Copyright 1996 Adam Twiss, Zeus Technology Ltd, http://www.zeustech.net/
Licensed to The Apache Software Foundation, http://www.apache.org/

Benchmarking x.x.x.x (be patient)


Server Software:        Apache
Server Hostname:        x.x.x.x
Server Port:            80

Document Path:          /wordpress/2017/05/01/hello-world
Document Length:        0 bytes

Concurrency Level:      50
Time taken for tests:   180.001 seconds
Complete requests:      11633
Failed requests:        0
Non-2xx responses:      11633
Total transferred:      4129715 bytes
HTML transferred:       0 bytes
Requests per second:    64.63 [#/sec] (mean)
Time per request:       773.665 [ms] (mean)
Time per request:       15.473 [ms] (mean, across all concurrent requests)
Transfer rate:          22.41 [Kbytes/sec] received

Connection Times (ms)
              min  mean[+/-sd] median   max
Connect:       28   69 201.2     33    3254
Processing:   359  702 123.1    690    2910
Waiting:      358  700 121.6    687    2910
Total:        394  772 237.4    727    3983

Percentage of the requests served within a certain time (ms)
  50%    727
  66%    770
  75%    799
  80%    822
  90%    892
  95%   1043
  98%   1712
  99%   1793
 100%   3983 (longest request)
