Download a 100Mb file:
======================

IPv4 speedtests

CacheFly CDN (IPv4):  111MB/s
DigitalOcean (GB) (IPv4):  140MB/s
LeaseWeb (NL) (IPv4):  78.2MB/s
Linode (GB) (IPv4):  122MB/s
Online.net (FR) (IPv4):  57.5MB/s
OVH (FR) (IPv4): 
Softlayer (FR) (IPv4):  44.9MB/s
Vultr (GB) (IPv4):  101MB/s

IPv6 speedtests

CacheFly CDN (IPv6): 
DigitalOcean (GB) (IPv6):  143MB/s
LeaseWeb (NL) (IPv6):  13.2MB/s
Linode (GB) (IPv6):  123MB/s
Online.net (FR) (IPv6): 
OVH (FR) (IPv6): 
Softlayer (FR) (IPv6):  88.9MB/s
Vultr (GB) (IPv6): 

Download a 10Gb file:
======================

IPv4 speedtests

CDN77.com (NL) (IPv4):  68.7MB/s
Online.net 10G (FR) (IPv4):  60.2MB/s
OVH 10G (FR) (IPv4): 

IPv6 speedtests

CDN77.com (NL) (IPv6): 
Online.net 10G (FR) (IPv6): 
OVH 10G (FR) (IPv6): 

Download a 100Mb file:
======================

IPv4 speedtests

CacheFly CDN (IPv4):  127MB/s
DigitalOcean (GB) (IPv4):  137MB/s
LeaseWeb (NL) (IPv4):  92.4MB/s
Linode (GB) (IPv4):  124MB/s
Online.net (FR) (IPv4):  85.8MB/s
OVH (FR) (IPv4): 
Softlayer (FR) (IPv4):  96.7MB/s
Vultr (GB) (IPv4):  135MB/s

IPv6 speedtests

CacheFly CDN (IPv6): 
DigitalOcean (GB) (IPv6):  150MB/s
LeaseWeb (NL) (IPv6):  14.2MB/s
Linode (GB) (IPv6):  126MB/s
Online.net (FR) (IPv6): 
OVH (FR) (IPv6): 
Softlayer (FR) (IPv6):  93.8MB/s
Vultr (GB) (IPv6): 

Download a 10Gb file:
======================

IPv4 speedtests

CDN77.com (NL) (IPv4):  63.3MB/s
Online.net 10G (FR) (IPv4):  65.2MB/s
OVH 10G (FR) (IPv4):  39.7MB/s

IPv6 speedtests

CDN77.com (NL) (IPv6): 
Online.net 10G (FR) (IPv6): 
OVH 10G (FR) (IPv6): 

Download a 100Mb file:
======================

IPv4 speedtests

CacheFly CDN (IPv4):  131MB/s
DigitalOcean (GB) (IPv4):  134MB/s
LeaseWeb (NL) (IPv4):  93.0MB/s
Linode (GB) (IPv4):  130MB/s
Online.net (FR) (IPv4):  55.3MB/s
OVH (FR) (IPv4):  53.9MB/s
Softlayer (FR) (IPv4):  90.2MB/s
Vultr (GB) (IPv4):  129MB/s

IPv6 speedtests

CacheFly CDN (IPv6): 
DigitalOcean (GB) (IPv6):  144MB/s
LeaseWeb (NL) (IPv6):  13.4MB/s
Linode (GB) (IPv6):  130MB/s
Online.net (FR) (IPv6): 
OVH (FR) (IPv6): 
Softlayer (FR) (IPv6):  92.0MB/s
Vultr (GB) (IPv6): 

Download a 10Gb file:
======================

IPv4 speedtests

CDN77.com (NL) (IPv4):  65.7MB/s
Online.net 10G (FR) (IPv4):  67.6MB/s
OVH 10G (FR) (IPv4):  42.6MB/s

IPv6 speedtests

CDN77.com (NL) (IPv6): 
Online.net 10G (FR) (IPv6): 
OVH 10G (FR) (IPv6): 

