do-5bucks-ubuntu
    description: Computer
    product: Droplet
    vendor: DigitalOcean
    version: 20161103
    serial: 44589595
    width: 64 bits
    capabilities: smbios-2.4 dmi-2.4 vsyscall32
    configuration: boot=normal family=DigitalOcean_Droplet uuid=594528F5-9FBD-4F0C-8355-66F00DCEA679
  *-core
       description: Motherboard
       physical id: 0
     *-firmware
          description: BIOS
          vendor: DigitalOcean
          physical id: 0
          version: 20161103
          date: 11/03/2016
          size: 96KiB
     *-cpu
          description: CPU
          product: Intel(R) Xeon(R) CPU E5-2650L v3 @ 1.80GHz
          vendor: Intel Corp.
          physical id: 401
          bus info: cpu@0
          slot: CPU 1
          size: 2GHz
          capacity: 2GHz
          width: 64 bits
          capabilities: fpu fpu_exception wp vme de pse tsc msr pae mce cx8 apic sep mtrr pge mca cmov pat pse36 clflush mmx fxsr sse sse2 ss syscall nx pdpe1gb rdtscp x86-64 constant_tsc arch_perfmon rep_good nopl eagerfpu pni pclmulqdq vmx ssse3 fma cx16 pcid sse4_1 sse4_2 x2apic movbe popcnt tsc_deadline_timer aes xsave avx f16c rdrand hypervisor lahf_lm abm vnmi ept fsgsbase tsc_adjust bmi1 avx2 smep bmi2 erms invpcid xsaveopt arat
     *-memory
          description: System Memory
          physical id: 1000
          size: 512MiB
          capacity: 512MiB
        *-bank
             description: DIMM RAM
             physical id: 0
             slot: DIMM 0
             size: 512MiB
             width: 64 bits
     *-pci
          description: Host bridge
          product: 440FX - 82441FX PMC [Natoma]
          vendor: Intel Corporation
          physical id: 100
          bus info: pci@0000:00:00.0
          version: 02
          width: 32 bits
          clock: 33MHz
        *-isa
             description: ISA bridge
             product: 82371SB PIIX3 ISA [Natoma/Triton II]
             vendor: Intel Corporation
             physical id: 1
             bus info: pci@0000:00:01.0
             version: 00
             width: 32 bits
             clock: 33MHz
             capabilities: isa
             configuration: latency=0
        *-ide
             description: IDE interface
             product: 82371SB PIIX3 IDE [Natoma/Triton II]
             vendor: Intel Corporation
             physical id: 1.1
             bus info: pci@0000:00:01.1
             version: 00
             width: 32 bits
             clock: 33MHz
             capabilities: ide bus_master
             configuration: driver=ata_piix latency=0
             resources: irq:0 ioport:1f0(size=8) ioport:3f6 ioport:170(size=8) ioport:376 ioport:c120(size=16)
        *-usb
             description: USB controller
             product: 82371SB PIIX3 USB [Natoma/Triton II]
             vendor: Intel Corporation
             physical id: 1.2
             bus info: pci@0000:00:01.2
             version: 01
             width: 32 bits
             clock: 33MHz
             capabilities: uhci bus_master
             configuration: driver=uhci_hcd latency=0
             resources: irq:11 ioport:c080(size=32)
           *-usbhost
                product: UHCI Host Controller
                vendor: Linux 4.4.0-66-generic uhci_hcd
                physical id: 1
                bus info: usb@1
                logical name: usb1
                version: 4.04
                capabilities: usb-1.10
                configuration: driver=hub slots=2 speed=12Mbit/s
        *-bridge UNCLAIMED
             description: Bridge
             product: 82371AB/EB/MB PIIX4 ACPI
             vendor: Intel Corporation
             physical id: 1.3
             bus info: pci@0000:00:01.3
             version: 03
             width: 32 bits
             clock: 33MHz
             capabilities: bridge
             configuration: latency=0
        *-display UNCLAIMED
             description: VGA compatible controller
             product: QXL paravirtual graphic card
             vendor: Red Hat, Inc.
             physical id: 2
             bus info: pci@0000:00:02.0
             version: 04
             width: 32 bits
             clock: 33MHz
             capabilities: vga_controller
             configuration: latency=0
             resources: memory:f8000000-fbffffff memory:fc000000-fcffffff memory:fd090000-fd091fff ioport:c0a0(size=32) memory:fd080000-fd08ffff
        *-network:0
             description: Ethernet interface
             product: Virtio network device
             vendor: Red Hat, Inc
             physical id: 3
             bus info: pci@0000:00:03.0
             logical name: eth0
             version: 00
             serial: ee:d6:3b:85:cd:cb
             width: 32 bits
             clock: 33MHz
             capabilities: msix bus_master cap_list rom ethernet physical
             configuration: autonegotiation=off broadcast=yes driver=virtio_net driverversion=1.0.0 ip=139.59.180.242 latency=0 link=yes multicast=yes
             resources: irq:10 ioport:c0c0(size=32) memory:fd092000-fd092fff memory:fd000000-fd03ffff
        *-network:1 DISABLED
             description: Ethernet interface
             product: Virtio network device
             vendor: Red Hat, Inc
             physical id: 4
             bus info: pci@0000:00:04.0
             logical name: ens4
             version: 00
             serial: 3e:c1:ae:c2:cf:6e
             width: 32 bits
             clock: 33MHz
             capabilities: msix bus_master cap_list rom ethernet physical
             configuration: autonegotiation=off broadcast=yes driver=virtio_net driverversion=1.0.0 latency=0 link=no multicast=yes
             resources: irq:11 ioport:c0e0(size=32) memory:fd093000-fd093fff memory:fd040000-fd07ffff
        *-scsi:0
             description: SCSI storage controller
             product: Virtio SCSI
             vendor: Red Hat, Inc
             physical id: 5
             bus info: pci@0000:00:05.0
             version: 00
             width: 32 bits
             clock: 33MHz
             capabilities: scsi msix bus_master cap_list
             configuration: driver=virtio-pci latency=0
             resources: irq:10 ioport:c000(size=64) memory:fd094000-fd094fff
        *-scsi:1
             description: SCSI storage controller
             product: Virtio block device
             vendor: Red Hat, Inc
             physical id: 6
             bus info: pci@0000:00:06.0
             version: 00
             width: 32 bits
             clock: 33MHz
             capabilities: scsi msix bus_master cap_list
             configuration: driver=virtio-pci latency=0
             resources: irq:11 ioport:c040(size=64) memory:fd095000-fd095fff
        *-generic
             description: Unclassified device
             product: Virtio memory balloon
             vendor: Red Hat, Inc
             physical id: 7
             bus info: pci@0000:00:07.0
             version: 00
             width: 32 bits
             clock: 33MHz
             capabilities: bus_master
             configuration: driver=virtio-pci latency=0
             resources: irq:10 ioport:c100(size=32)
