Download a 100Mb file:
======================

IPv4 speedtests

CacheFly CDN (IPv4):  10.5MB/s
DigitalOcean (GB) (IPv4):  11.9MB/s
LeaseWeb (NL) (IPv4):  11.9MB/s
Linode (GB) (IPv4):  11.9MB/s
Online.net (FR) (IPv4):  11.9MB/s
OVH (FR) (IPv4):  12.0MB/s
Softlayer (FR) (IPv4):  11.8MB/s
Vultr (GB) (IPv4):  11.9MB/s


Download a 10Gb file:
======================

IPv4 speedtests

CDN77.com (NL) (IPv4):  12.0MB/s
Online.net (FR) (IPv4):  11.9MB/s
OVH (FR) (IPv4):  12.0MB/s

Download a 100Mb file:
======================

IPv4 speedtests

CacheFly CDN (IPv4):  12.0MB/s
DigitalOcean (GB) (IPv4):  11.9MB/s
LeaseWeb (NL) (IPv4):  11.9MB/s
Linode (GB) (IPv4):  11.9MB/s
Online.net (FR) (IPv4):  11.9MB/s
OVH (FR) (IPv4):  12.0MB/s
Softlayer (FR) (IPv4):  11.8MB/s
Vultr (GB) (IPv4):  11.9MB/s


Download a 10Gb file:
======================

IPv4 speedtests

CDN77.com (NL) (IPv4):  12.0MB/s
Online.net (FR) (IPv4):  11.9MB/s
OVH (FR) (IPv4):  12.0MB/s

Download a 100Mb file:
======================

IPv4 speedtests

CacheFly CDN (IPv4):  10.6MB/s
DigitalOcean (GB) (IPv4):  11.9MB/s
LeaseWeb (NL) (IPv4):  11.9MB/s
Linode (GB) (IPv4):  11.9MB/s
Online.net (FR) (IPv4):  11.9MB/s
OVH (FR) (IPv4):  12.0MB/s
Softlayer (FR) (IPv4):  11.8MB/s
Vultr (GB) (IPv4):  11.9MB/s


Download a 10Gb file:
======================

IPv4 speedtests

CDN77.com (NL) (IPv4):  11.9MB/s
Online.net (FR) (IPv4):  12.0MB/s
OVH (FR) (IPv4):  11.9MB/s

