# dmidecode 3.0
Getting SMBIOS data from sysfs.
SMBIOS 2.8 present.
9 structures occupying 431 bytes.
Table at 0x000F62D0.

Handle 0x0000, DMI type 0, 24 bytes
BIOS Information
	Vendor: SeaBIOS
	Version: Ubuntu-1.8.2-1ubuntu1~cloud0+ovh1
	Release Date: 04/01/2014
	Address: 0xE8000
	Runtime Size: 96 kB
	ROM Size: 64 kB
	Characteristics:
		BIOS characteristics not supported
		Targeted content distribution is supported
	BIOS Revision: 0.0

Handle 0x0100, DMI type 1, 27 bytes
System Information
	Manufacturer: OpenStack Foundation
	Product Name: OpenStack Nova
	Version: 2014.2.4
	Serial Number: 00000000-0000-0000-0000-0cc47adf1f1c
	UUID: 9B9D2AE0-D8C3-4886-83F2-050A5CE9F71F
	Wake-up Type: Power Switch
	SKU Number: Not Specified
	Family: Not Specified

Handle 0x0300, DMI type 3, 21 bytes
Chassis Information
	Manufacturer: QEMU
	Type: Other
	Lock: Not Present
	Version: pc-i440fx-vivid
	Serial Number: Not Specified
	Asset Tag: Not Specified
	Boot-up State: Safe
	Power Supply State: Safe
	Thermal State: Safe
	Security Status: Unknown
	OEM Information: 0x00000000
	Height: Unspecified
	Number Of Power Cords: Unspecified
	Contained Elements: 0

Handle 0x0400, DMI type 4, 42 bytes
Processor Information
	Socket Designation: CPU 0
	Type: Central Processor
	Family: Other
	Manufacturer: QEMU
	ID: C1 06 03 00 FF FB 8B 0F
	Version: pc-i440fx-vivid
	Voltage: Unknown
	External Clock: Unknown
	Max Speed: 2000 MHz
	Current Speed: 2000 MHz
	Status: Populated, Enabled
	Upgrade: Other
	L1 Cache Handle: Not Provided
	L2 Cache Handle: Not Provided
	L3 Cache Handle: Not Provided
	Serial Number: Not Specified
	Asset Tag: Not Specified
	Part Number: Not Specified
	Core Count: 1
	Core Enabled: 1
	Thread Count: 1
	Characteristics: None

Handle 0x1000, DMI type 16, 23 bytes
Physical Memory Array
	Location: Other
	Use: System Memory
	Error Correction Type: Multi-bit ECC
	Maximum Capacity: 2000 MB
	Error Information Handle: Not Provided
	Number Of Devices: 1

Handle 0x1100, DMI type 17, 40 bytes
Memory Device
	Array Handle: 0x1000
	Error Information Handle: Not Provided
	Total Width: Unknown
	Data Width: Unknown
	Size: 2000 MB
	Form Factor: DIMM
	Set: None
	Locator: DIMM 0
	Bank Locator: Not Specified
	Type: RAM
	Type Detail: Other
	Speed: Unknown
	Manufacturer: QEMU
	Serial Number: Not Specified
	Asset Tag: Not Specified
	Part Number: Not Specified
	Rank: Unknown
	Configured Clock Speed: Unknown
	Minimum Voltage: Unknown
	Maximum Voltage: Unknown
	Configured Voltage: Unknown

Handle 0x1300, DMI type 19, 31 bytes
Memory Array Mapped Address
	Starting Address: 0x00000000000
	Ending Address: 0x0007CFFFFFF
	Range Size: 2000 MB
	Physical Array Handle: 0x1000
	Partition Width: 1

Handle 0x2000, DMI type 32, 11 bytes
System Boot Information
	Status: No errors detected

Handle 0x7F00, DMI type 127, 4 bytes
End Of Table

