Running 1m test @ http://x.x.x.x/welcome-to-ghost
  20 threads and 150 connections
  Thread Stats   Avg      Stdev     Max   +/- Stdev
    Latency   187.18ms   46.04ms   1.50s    83.61%
    Req/Sec    37.72     19.32   200.00     66.81%
  40309 requests in 1.00m, 8.81MB read
  Socket errors: connect 0, read 0, write 0, timeout 138
Requests/sec:    670.97
Transfer/sec:    150.14KB
Running 1m test @ http://x.x.x.x/welcome-to-ghost
  20 threads and 150 connections
  Thread Stats   Avg      Stdev     Max   +/- Stdev
    Latency   192.11ms   34.48ms 799.35ms   76.93%
    Req/Sec    36.94     17.16    70.00     68.67%
  43431 requests in 1.00m, 9.49MB read
Requests/sec:    722.66
Transfer/sec:    161.74KB
Running 1m test @ http://x.x.x.x/welcome-to-ghost
  20 threads and 150 connections
  Thread Stats   Avg      Stdev     Max   +/- Stdev
    Latency   193.07ms   27.60ms 502.55ms   73.84%
    Req/Sec    36.62     16.68    70.00     71.17%
  43300 requests in 1.00m, 9.46MB read
Requests/sec:    720.48
Transfer/sec:    161.25KB
