This is ApacheBench, Version 2.3 <$Revision: 1706008 $>
Copyright 1996 Adam Twiss, Zeus Technology Ltd, http://www.zeustech.net/
Licensed to The Apache Software Foundation, http://www.apache.org/

Benchmarking x.x.x.x (be patient)


Server Software:        Apache
Server Hostname:        x.x.x.x
Server Port:            80

Document Path:          /wordpress/2017/05/01/hello-world
Document Length:        0 bytes

Concurrency Level:      50
Time taken for tests:   180.005 seconds
Complete requests:      17280
Failed requests:        0
Non-2xx responses:      17280
Total transferred:      6134400 bytes
HTML transferred:       0 bytes
Requests per second:    96.00 [#/sec] (mean)
Time per request:       520.849 [ms] (mean)
Time per request:       10.417 [ms] (mean, across all concurrent requests)
Transfer rate:          33.28 [Kbytes/sec] received

Connection Times (ms)
              min  mean[+/-sd] median   max
Connect:       32   41  96.4     33    3223
Processing:   245  479  91.0    470    1822
Waiting:      245  478  90.9    469    1822
Total:        278  520 132.2    504    3754

Percentage of the requests served within a certain time (ms)
  50%    504
  66%    526
  75%    541
  80%    551
  90%    586
  95%    634
  98%    802
  99%   1246
 100%   3754 (longest request)
