This is ApacheBench, Version 2.3 <$Revision: 1706008 $>
Copyright 1996 Adam Twiss, Zeus Technology Ltd, http://www.zeustech.net/
Licensed to The Apache Software Foundation, http://www.apache.org/

Benchmarking x.x.x.x (be patient)


Server Software:        Apache
Server Hostname:        x.x.x.x
Server Port:            80

Document Path:          /wordpress/2017/05/09/hello-world/
Document Length:        56231 bytes

Concurrency Level:      10
Time taken for tests:   180.000 seconds
Complete requests:      4562
Failed requests:        0
Total transferred:      258452661 bytes
HTML transferred:       256599271 bytes
Requests per second:    25.34 [#/sec] (mean)
Time per request:       394.565 [ms] (mean)
Time per request:       39.456 [ms] (mean, across all concurrent requests)
Transfer rate:          1402.19 [Kbytes/sec] received

Connection Times (ms)
              min  mean[+/-sd] median   max
Connect:       32   67 179.9     40    3185
Processing:   123  327 149.9    309    2768
Waiting:       50  149 129.3    138    2486
Total:        156  394 253.0    354    3865

Percentage of the requests served within a certain time (ms)
  50%    354
  66%    388
  75%    415
  80%    434
  90%    513
  95%    624
  98%   1223
  99%   1416
 100%   3865 (longest request)
