System:    Host: vultr-20gbssd-ubuntu Kernel: 4.4.0-66-generic x86_64 (64 bit gcc: 5.4.0) Console: tty
           Distro: Ubuntu 16.04 xenial
Machine:   System: QEMU product: Standard PC (i440FX + PIIX 1996) v: pc-i440fx-2.8
           Mobo: N/A model: N/A
           Bios: Sea v: rel-1.10.1-0-g8891697-prebuilt.qemu-project.org date: 04/01/2014
           Chassis: type: 1 v: pc-i440fx-2.8
CPU:       Single core Virtual 714389bda930 (-UP-) cache: 16384 KB
           flags: (lm nx sse sse2 sse3 sse4_1 sse4_2 ssse3) bmips: 4799 speed: 2399 MHz (max)
Graphics:  Card: Cirrus Logic GD 5446 bus-ID: 00:02.0 chip-ID: 1013:00b8
           Display Server: N/A driver: N/A tty size: N/A Advanced Data: N/A for root out of X
Network:   Card: Red Hat Virtio network device
           driver: virtio-pci port: c060 bus-ID: 00:03.0 chip-ID: 1af4:1000
           IF: ens3 state: up speed: -1 duplex: unknown mac: <filter>
Drives:    HDD Total Size: 21.5GB (9.0% used) ID-1: /dev/vda model: N/A size: 21.5GB serial: N/A
Partition: ID-1: / size: 20G used: 1.8G (10%) fs: ext4 dev: /dev/vda1
RAID:      System: supported: linear multipath raid0 raid1 raid6 raid5 raid4 raid10
           No RAID devices: /proc/mdstat, md_mod kernel module present
           Unused Devices: none
Sensors:   None detected - is lm-sensors installed and configured?
Info:      Processes: 124 Uptime: 10 min Memory: 91.9/488.2MB
           Init: systemd v: 229 runlevel: 5 Gcc sys: N/A Client: Unknown python3.5 client inxi: 2.2.35
