Download a 100Mb file:
======================

IPv4 speedtests

CacheFly CDN (IPv4):  139MB/s
DigitalOcean (GB) (IPv4):  152MB/s
LeaseWeb (NL) (IPv4):  150MB/s
Linode (GB) (IPv4):  105MB/s
Online.net (FR) (IPv4):  30.7MB/s
OVH (FR) (IPv4): 
Softlayer (FR) (IPv4):  42.5MB/s
Vultr (GB) (IPv4):  177MB/s

IPv6 speedtests

CacheFly CDN (IPv6): 
DigitalOcean (GB) (IPv6):  131MB/s
LeaseWeb (NL) (IPv6):  180MB/s
Linode (GB) (IPv6):  109MB/s
Online.net (FR) (IPv6): 
OVH (FR) (IPv6): 
Softlayer (FR) (IPv6):  29.0MB/s
Vultr (GB) (IPv6): 

Download a 10Gb file:
======================

IPv4 speedtests

CDN77.com (NL) (IPv4):  159MB/s
Online.net 10G (FR) (IPv4):  139MB/s
OVH 10G (FR) (IPv4): 

IPv6 speedtests

CDN77.com (NL) (IPv6): 
Online.net 10G (FR) (IPv6): 
OVH 10G (FR) (IPv6): 

Download a 100Mb file:
======================

IPv4 speedtests

CacheFly CDN (IPv4):  201MB/s
DigitalOcean (GB) (IPv4):  150MB/s
LeaseWeb (NL) (IPv4):  164MB/s
Linode (GB) (IPv4):  174MB/s
Online.net (FR) (IPv4):  85.1MB/s
OVH (FR) (IPv4): 
Softlayer (FR) (IPv4):  98.4MB/s
Vultr (GB) (IPv4):  199MB/s

IPv6 speedtests

CacheFly CDN (IPv6): 
DigitalOcean (GB) (IPv6):  141MB/s
LeaseWeb (NL) (IPv6):  174MB/s
Linode (GB) (IPv6):  110MB/s
Online.net (FR) (IPv6): 
OVH (FR) (IPv6): 
Softlayer (FR) (IPv6):  83.4MB/s
Vultr (GB) (IPv6): 

Download a 10Gb file:
======================

IPv4 speedtests

CDN77.com (NL) (IPv4):  156MB/s
Online.net 10G (FR) (IPv4):  150MB/s
OVH 10G (FR) (IPv4): 

IPv6 speedtests

CDN77.com (NL) (IPv6): 
Online.net 10G (FR) (IPv6): 
OVH 10G (FR) (IPv6): 

Download a 100Mb file:
======================

IPv4 speedtests

CacheFly CDN (IPv4):  207MB/s
DigitalOcean (GB) (IPv4):  143MB/s
LeaseWeb (NL) (IPv4):  173MB/s
Linode (GB) (IPv4):  125MB/s
Online.net (FR) (IPv4):  104MB/s
OVH (FR) (IPv4): 
Softlayer (FR) (IPv4):  97.7MB/s
Vultr (GB) (IPv4):  209MB/s

IPv6 speedtests

CacheFly CDN (IPv6): 
DigitalOcean (GB) (IPv6):  166MB/s
LeaseWeb (NL) (IPv6):  169MB/s
Linode (GB) (IPv6):  121MB/s
Online.net (FR) (IPv6): 
OVH (FR) (IPv6): 
Softlayer (FR) (IPv6):  78.5MB/s
Vultr (GB) (IPv6): 

Download a 10Gb file:
======================

IPv4 speedtests

CDN77.com (NL) (IPv4):  170MB/s
Online.net 10G (FR) (IPv4):  186MB/s
OVH 10G (FR) (IPv4):  158MB/s

IPv6 speedtests

CDN77.com (NL) (IPv6): 
Online.net 10G (FR) (IPv6): 
OVH 10G (FR) (IPv6): 


